<?xml version="1.0" encoding="UTF-8"?>
<!-- Generated by org.testng.reporters.JUnitReportReporter -->
<testsuite hostname="Jyothi" failures="0" tests="2" name="TestNg.Annotations" time="0.008" errors="0" timestamp="2023-10-19T20:29:31 IST" skipped="0">
  <testcase classname="TestNg.Annotations" name="test1" time="0.001"/>
  <system-out/>
  <testcase classname="TestNg.Annotations" name="Test2" time="0.007"/>
  <system-out/>
</testsuite> <!-- TestNg.Annotations -->
