<?xml version="1.0" encoding="UTF-8"?>
<!-- Generated by org.testng.reporters.JUnitReportReporter -->
<testsuite hostname="Jyothi" failures="0" tests="1" name="seleniumjenkins.seleniumjenkins.Selenium" time="3.489" errors="0" timestamp="2023-10-19T18:28:55 IST" skipped="0">
  <testcase classname="seleniumjenkins.seleniumjenkins.Selenium" name="launchBrowser" time="3.489"/>
  <system-out/>
</testsuite> <!-- seleniumjenkins.seleniumjenkins.Selenium -->
