<?xml version="1.0" encoding="UTF-8"?>
<!-- Generated by org.testng.reporters.JUnitReportReporter -->
<testsuite hostname="Jyothi" failures="0" tests="2" name="TestNg.DataProvider" time="0.006" errors="0" timestamp="2023-10-19T20:58:16 IST" skipped="0">
  <testcase classname="TestNg.DataProvider" name="doLogin" time="0.005"/>
  <system-out/>
  <testcase classname="TestNg.DataProvider" name="doLogin" time="0.001"/>
  <system-out/>
</testsuite> <!-- TestNg.DataProvider -->
