<?xml version="1.0" encoding="UTF-8"?>
<!-- Generated by org.testng.reporters.JUnitReportReporter -->
<testsuite hostname="Jyothi" failures="0" tests="3" name="TestNg.priority" time="0.008" errors="0" timestamp="2023-10-19T20:34:28 IST" skipped="0">
  <testcase classname="TestNg.priority" name="test3" time="0.006"/>
  <system-out/>
  <testcase classname="TestNg.priority" name="test2" time="0.001"/>
  <system-out/>
  <testcase classname="TestNg.priority" name="test1" time="0.001"/>
  <system-out/>
</testsuite> <!-- TestNg.priority -->
