<?xml version="1.0" encoding="UTF-8"?>
<!-- Generated by org.testng.reporters.JUnitReportReporter -->
<testsuite hostname="Jyothi" failures="0" tests="1" name="TestNg.DisableChromeBrowserNotifications" time="4.875" errors="0" timestamp="2023-10-19T21:10:58 IST" skipped="0">
  <testcase classname="TestNg.DisableChromeBrowserNotifications" name="desableNotifications" time="4.875"/>
  <system-out/>
</testsuite> <!-- TestNg.DisableChromeBrowserNotifications -->
